This is pdfTeX, Version 3.14159265-2.6-1.40.20 (MiKTeX 2.9.7200 64-bit) (preloaded format=pdflatex 2019.10.8)  7 NOV 2019 10:22
entering extended mode
**./LR_4.tex
(LR_4.tex
LaTeX2e <2019-10-01>
(E:\MiKTeX\tex/latex/base\report.cls
Document Class: report 2019/08/27 v1.4j Standard LaTeX document class
(E:\MiKTeX\tex/latex/base\size12.clo
File: size12.clo 2019/08/27 v1.4j Standard LaTeX file (size option)
)
\c@part=\count80
\c@chapter=\count81
\c@section=\count82
\c@subsection=\count83
\c@subsubsection=\count84
\c@paragraph=\count85
\c@subparagraph=\count86
\c@figure=\count87
\c@table=\count88
\abovecaptionskip=\skip41
\belowcaptionskip=\skip42
\bibindent=\dimen102
) (E:\MiKTeX\tex/latex/t2\mathtext.sty
Package: mathtext 2018/04/13 v1.1 transparent text-and-math defs
LaTeX Info: Redefining \halign on input line 119.
)
(E:\MiKTeX\tex/latex/base\fontenc.sty
Package: fontenc 2018/08/11 v2.0j Standard LaTeX package
 (E:\MiKTeX\tex/latex/cyrillic\t2aenc.def
File: t2aenc.def 2005/09/27 v1.0i Cyrillic encoding definition file
Now handling font encoding T2A ...
... processing UTF-8 mapping file for font encoding T2A

(E:\MiKTeX\tex/latex/base\t2aenc.dfu
File: t2aenc.dfu 2019/07/11 v1.2j UTF-8 support for inputenc
   defining Unicode char U+00A4 (decimal 164)
   defining Unicode char U+00A7 (decimal 167)
   defining Unicode char U+00AB (decimal 171)
   defining Unicode char U+00BB (decimal 187)
   defining Unicode char U+0131 (decimal 305)
   defining Unicode char U+0237 (decimal 567)
   defining Unicode char U+0400 (decimal 1024)
   defining Unicode char U+0401 (decimal 1025)
   defining Unicode char U+0402 (decimal 1026)
   defining Unicode char U+0403 (decimal 1027)
   defining Unicode char U+0404 (decimal 1028)
   defining Unicode char U+0405 (decimal 1029)
   defining Unicode char U+0406 (decimal 1030)
   defining Unicode char U+0407 (decimal 1031)
   defining Unicode char U+0408 (decimal 1032)
   defining Unicode char U+0409 (decimal 1033)
   defining Unicode char U+040A (decimal 1034)
   defining Unicode char U+040B (decimal 1035)
   defining Unicode char U+040C (decimal 1036)
   defining Unicode char U+040D (decimal 1037)
   defining Unicode char U+040E (decimal 1038)
   defining Unicode char U+040F (decimal 1039)
   defining Unicode char U+0410 (decimal 1040)
   defining Unicode char U+0411 (decimal 1041)
   defining Unicode char U+0412 (decimal 1042)
   defining Unicode char U+0413 (decimal 1043)
   defining Unicode char U+0414 (decimal 1044)
   defining Unicode char U+0415 (decimal 1045)
   defining Unicode char U+0416 (decimal 1046)
   defining Unicode char U+0417 (decimal 1047)
   defining Unicode char U+0418 (decimal 1048)
   defining Unicode char U+0419 (decimal 1049)
   defining Unicode char U+041A (decimal 1050)
   defining Unicode char U+041B (decimal 1051)
   defining Unicode char U+041C (decimal 1052)
   defining Unicode char U+041D (decimal 1053)
   defining Unicode char U+041E (decimal 1054)
   defining Unicode char U+041F (decimal 1055)
   defining Unicode char U+0420 (decimal 1056)
   defining Unicode char U+0421 (decimal 1057)
   defining Unicode char U+0422 (decimal 1058)
   defining Unicode char U+0423 (decimal 1059)
   defining Unicode char U+0424 (decimal 1060)
   defining Unicode char U+0425 (decimal 1061)
   defining Unicode char U+0426 (decimal 1062)
   defining Unicode char U+0427 (decimal 1063)
   defining Unicode char U+0428 (decimal 1064)
   defining Unicode char U+0429 (decimal 1065)
   defining Unicode char U+042A (decimal 1066)
   defining Unicode char U+042B (decimal 1067)
   defining Unicode char U+042C (decimal 1068)
   defining Unicode char U+042D (decimal 1069)
   defining Unicode char U+042E (decimal 1070)
   defining Unicode char U+042F (decimal 1071)
   defining Unicode char U+0430 (decimal 1072)
   defining Unicode char U+0431 (decimal 1073)
   defining Unicode char U+0432 (decimal 1074)
   defining Unicode char U+0433 (decimal 1075)
   defining Unicode char U+0434 (decimal 1076)
   defining Unicode char U+0435 (decimal 1077)
   defining Unicode char U+0436 (decimal 1078)
   defining Unicode char U+0437 (decimal 1079)
   defining Unicode char U+0438 (decimal 1080)
   defining Unicode char U+0439 (decimal 1081)
   defining Unicode char U+043A (decimal 1082)
   defining Unicode char U+043B (decimal 1083)
   defining Unicode char U+043C (decimal 1084)
   defining Unicode char U+043D (decimal 1085)
   defining Unicode char U+043E (decimal 1086)
   defining Unicode char U+043F (decimal 1087)
   defining Unicode char U+0440 (decimal 1088)
   defining Unicode char U+0441 (decimal 1089)
   defining Unicode char U+0442 (decimal 1090)
   defining Unicode char U+0443 (decimal 1091)
   defining Unicode char U+0444 (decimal 1092)
   defining Unicode char U+0445 (decimal 1093)
   defining Unicode char U+0446 (decimal 1094)
   defining Unicode char U+0447 (decimal 1095)
   defining Unicode char U+0448 (decimal 1096)
   defining Unicode char U+0449 (decimal 1097)
   defining Unicode char U+044A (decimal 1098)
   defining Unicode char U+044B (decimal 1099)
   defining Unicode char U+044C (decimal 1100)
   defining Unicode char U+044D (decimal 1101)
   defining Unicode char U+044E (decimal 1102)
   defining Unicode char U+044F (decimal 1103)
   defining Unicode char U+0450 (decimal 1104)
   defining Unicode char U+0451 (decimal 1105)
   defining Unicode char U+0452 (decimal 1106)
   defining Unicode char U+0453 (decimal 1107)
   defining Unicode char U+0454 (decimal 1108)
   defining Unicode char U+0455 (decimal 1109)
   defining Unicode char U+0456 (decimal 1110)
   defining Unicode char U+0457 (decimal 1111)
   defining Unicode char U+0458 (decimal 1112)
   defining Unicode char U+0459 (decimal 1113)
   defining Unicode char U+045A (decimal 1114)
   defining Unicode char U+045B (decimal 1115)
   defining Unicode char U+045C (decimal 1116)
   defining Unicode char U+045D (decimal 1117)
   defining Unicode char U+045E (decimal 1118)
   defining Unicode char U+045F (decimal 1119)
   defining Unicode char U+0490 (decimal 1168)
   defining Unicode char U+0491 (decimal 1169)
   defining Unicode char U+0492 (decimal 1170)
   defining Unicode char U+0493 (decimal 1171)
   defining Unicode char U+0496 (decimal 1174)
   defining Unicode char U+0497 (decimal 1175)
   defining Unicode char U+0498 (decimal 1176)
   defining Unicode char U+0499 (decimal 1177)
   defining Unicode char U+049A (decimal 1178)
   defining Unicode char U+049B (decimal 1179)
   defining Unicode char U+049C (decimal 1180)
   defining Unicode char U+049D (decimal 1181)
   defining Unicode char U+04A0 (decimal 1184)
   defining Unicode char U+04A1 (decimal 1185)
   defining Unicode char U+04A2 (decimal 1186)
   defining Unicode char U+04A3 (decimal 1187)
   defining Unicode char U+04A4 (decimal 1188)
   defining Unicode char U+04A5 (decimal 1189)
   defining Unicode char U+04AA (decimal 1194)
   defining Unicode char U+04AB (decimal 1195)
   defining Unicode char U+04AE (decimal 1198)
   defining Unicode char U+04AF (decimal 1199)
   defining Unicode char U+04B0 (decimal 1200)
   defining Unicode char U+04B1 (decimal 1201)
   defining Unicode char U+04B2 (decimal 1202)
   defining Unicode char U+04B3 (decimal 1203)
   defining Unicode char U+04B6 (decimal 1206)
   defining Unicode char U+04B7 (decimal 1207)
   defining Unicode char U+04B8 (decimal 1208)
   defining Unicode char U+04B9 (decimal 1209)
   defining Unicode char U+04BA (decimal 1210)
   defining Unicode char U+04BB (decimal 1211)
   defining Unicode char U+04C0 (decimal 1216)
   defining Unicode char U+04C1 (decimal 1217)
   defining Unicode char U+04C2 (decimal 1218)
   defining Unicode char U+04D0 (decimal 1232)
   defining Unicode char U+04D1 (decimal 1233)
   defining Unicode char U+04D2 (decimal 1234)
   defining Unicode char U+04D3 (decimal 1235)
   defining Unicode char U+04D4 (decimal 1236)
   defining Unicode char U+04D5 (decimal 1237)
   defining Unicode char U+04D6 (decimal 1238)
   defining Unicode char U+04D7 (decimal 1239)
   defining Unicode char U+04D8 (decimal 1240)
   defining Unicode char U+04D9 (decimal 1241)
   defining Unicode char U+04DA (decimal 1242)
   defining Unicode char U+04DB (decimal 1243)
   defining Unicode char U+04DC (decimal 1244)
   defining Unicode char U+04DD (decimal 1245)
   defining Unicode char U+04DE (decimal 1246)
   defining Unicode char U+04DF (decimal 1247)
   defining Unicode char U+04E2 (decimal 1250)
   defining Unicode char U+04E3 (decimal 1251)
   defining Unicode char U+04E4 (decimal 1252)
   defining Unicode char U+04E5 (decimal 1253)
   defining Unicode char U+04E6 (decimal 1254)
   defining Unicode char U+04E7 (decimal 1255)
   defining Unicode char U+04E8 (decimal 1256)
   defining Unicode char U+04E9 (decimal 1257)
   defining Unicode char U+04EC (decimal 1260)
   defining Unicode char U+04ED (decimal 1261)
   defining Unicode char U+04EE (decimal 1262)
   defining Unicode char U+04EF (decimal 1263)
   defining Unicode char U+04F0 (decimal 1264)
   defining Unicode char U+04F1 (decimal 1265)
   defining Unicode char U+04F2 (decimal 1266)
   defining Unicode char U+04F3 (decimal 1267)
   defining Unicode char U+04F4 (decimal 1268)
   defining Unicode char U+04F5 (decimal 1269)
   defining Unicode char U+04F8 (decimal 1272)
   defining Unicode char U+04F9 (decimal 1273)
   defining Unicode char U+200C (decimal 8204)
   defining Unicode char U+2013 (decimal 8211)
   defining Unicode char U+2014 (decimal 8212)
   defining Unicode char U+2018 (decimal 8216)
   defining Unicode char U+2019 (decimal 8217)
   defining Unicode char U+201C (decimal 8220)
   defining Unicode char U+201D (decimal 8221)
   defining Unicode char U+201E (decimal 8222)
   defining Unicode char U+2030 (decimal 8240)
   defining Unicode char U+2031 (decimal 8241)
   defining Unicode char U+2116 (decimal 8470)
   defining Unicode char U+2329 (decimal 9001)
   defining Unicode char U+232A (decimal 9002)
   defining Unicode char U+2423 (decimal 9251)
   defining Unicode char U+27E8 (decimal 10216)
   defining Unicode char U+27E9 (decimal 10217)
   defining Unicode char U+FB00 (decimal 64256)
   defining Unicode char U+FB01 (decimal 64257)
   defining Unicode char U+FB02 (decimal 64258)
   defining Unicode char U+FB03 (decimal 64259)
   defining Unicode char U+FB04 (decimal 64260)
   defining Unicode char U+FB05 (decimal 64261)
   defining Unicode char U+FB06 (decimal 64262)
)
\symT2Aletters=\mathgroup4
)
LaTeX Font Info:    Trying to load font information for T2A+cmr on input line 1
05.
 (E:\MiKTeX\tex/latex/cyrillic\t2acmr.fd
File: t2acmr.fd 2001/08/11 v1.0a Computer Modern Cyrillic font definitions
)) (E:\MiKTeX\tex/latex/base\inputenc.sty
Package: inputenc 2018/08/11 v1.3c Input encoding file
\inpenc@prehook=\toks14
\inpenc@posthook=\toks15
)
(E:\MiKTeX\tex/generic/babel\babel.sty
Package: babel 2019/09/27 3.34 The Babel package
 (E:\MiKTeX\tex/generic/babel\switch.def
File: switch.def 2019/09/27 3.34 Babel switching mechanism
)
*************************************
* Local config file bblopts.cfg used
*
(E:\MiKTeX\tex/latex/arabi\bblopts.cfg
File: bblopts.cfg 2005/09/08 v0.1 add Arabic and Farsi to "declared" options of
 babel
)
(E:\MiKTeX\tex/latex/babel-english\english.ldf
Language: english 2017/06/06 v3.3r English support from the babel system

(E:\MiKTeX\tex/generic/babel\babel.def
File: babel.def 2019/09/27 3.34 Babel common definitions
\babel@savecnt=\count89
\U@D=\dimen103

(E:\MiKTeX\tex/generic/babel\txtbabel.def)
\bbl@dirlevel=\count90
)
\l@canadian = a dialect from \language\l@american 
\l@australian = a dialect from \language\l@british 
\l@newzealand = a dialect from \language\l@british 
)
(E:\MiKTeX\tex/latex/babel-russian\russianb.ldf
Language: russian 2017/08/12 1.3j Russian support for the Babel system
Package babel Info: Making " an active character on input line 120.
Package babel Info: Default for \cyrdash is provided on input line 157.
))
(E:\MiKTeX\tex/latex/geometry\geometry.sty
Package: geometry 2018/04/16 v5.8 Page Geometry

(E:\MiKTeX\tex/latex/graphics\keyval.sty
Package: keyval 2014/10/28 v1.15 key=value parser (DPC)
\KV@toks@=\toks16
)
(E:\MiKTeX\tex/generic/oberdiek\ifpdf.sty
Package: ifpdf 2018/09/07 v3.3 Provides the ifpdf switch
)
(E:\MiKTeX\tex/generic/oberdiek\ifvtex.sty
Package: ifvtex 2016/05/16 v1.6 Detect VTeX and its facilities (HO)
Package ifvtex Info: VTeX not detected.
)
(E:\MiKTeX\tex/generic/ifxetex\ifxetex.sty
Package: ifxetex 2010/09/12 v0.6 Provides ifxetex conditional
)
\Gm@cnth=\count91
\Gm@cntv=\count92
\c@Gm@tempcnt=\count93
\Gm@bindingoffset=\dimen104
\Gm@wd@mp=\dimen105
\Gm@odd@mp=\dimen106
\Gm@even@mp=\dimen107
\Gm@layoutwidth=\dimen108
\Gm@layoutheight=\dimen109
\Gm@layouthoffset=\dimen110
\Gm@layoutvoffset=\dimen111
\Gm@dimlist=\toks17

(E:\MiKTeX\tex/latex/geometry\geometry.cfg))
(E:\MiKTeX\tex/latex/listings\listings.sty
\lst@mode=\count94
\lst@gtempboxa=\box27
\lst@token=\toks18
\lst@length=\count95
\lst@currlwidth=\dimen112
\lst@column=\count96
\lst@pos=\count97
\lst@lostspace=\dimen113
\lst@width=\dimen114
\lst@newlines=\count98
\lst@lineno=\count99
\lst@maxwidth=\dimen115

(E:\MiKTeX\tex/latex/listings\lstmisc.sty
File: lstmisc.sty 2019/09/10 1.8c (Carsten Heinz)
\c@lstnumber=\count100
\lst@skipnumbers=\count101
\lst@framebox=\box28
)
(E:\MiKTeX\tex/latex/listings\listings.cfg
File: listings.cfg 2019/09/10 1.8c listings configuration
))
Package: listings 2019/09/10 1.8c (Carsten Heinz)

(E:\MiKTeX\tex/latex/amsmath\amsmath.sty
Package: amsmath 2019/04/01 v2.17c AMS math features
\@mathmargin=\skip43

For additional information on amsmath, use the `?' option.
(E:\MiKTeX\tex/latex/amsmath\amstext.sty
Package: amstext 2000/06/29 v2.01 AMS text

(E:\MiKTeX\tex/latex/amsmath\amsgen.sty
File: amsgen.sty 1999/11/30 v2.0 generic functions
\@emptytoks=\toks19
\ex@=\dimen116
))
(E:\MiKTeX\tex/latex/amsmath\amsbsy.sty
Package: amsbsy 1999/11/29 v1.2d Bold Symbols
\pmbraise@=\dimen117
)
(E:\MiKTeX\tex/latex/amsmath\amsopn.sty
Package: amsopn 2016/03/08 v2.02 operator names
)
\inf@bad=\count102
LaTeX Info: Redefining \frac on input line 227.
\uproot@=\count103
\leftroot@=\count104
LaTeX Info: Redefining \overline on input line 389.
\classnum@=\count105
\DOTSCASE@=\count106
LaTeX Info: Redefining \ldots on input line 486.
LaTeX Info: Redefining \dots on input line 489.
LaTeX Info: Redefining \cdots on input line 610.
\Mathstrutbox@=\box29
\strutbox@=\box30
\big@size=\dimen118
LaTeX Font Info:    Redeclaring font encoding OML on input line 733.
\symOMLletters=\mathgroup5
LaTeX Font Info:    Redeclaring font encoding OMS on input line 734.
\symOMSletters=\mathgroup6
\macc@depth=\count107
\c@MaxMatrixCols=\count108
\dotsspace@=\muskip10
\c@parentequation=\count109
\dspbrk@lvl=\count110
\tag@help=\toks20
\row@=\count111
\column@=\count112
\maxfields@=\count113
\andhelp@=\toks21
\eqnshift@=\dimen119
\alignsep@=\dimen120
\tagshift@=\dimen121
\tagwidth@=\dimen122
\totwidth@=\dimen123
\lineht@=\dimen124
\@envbody=\toks22
\multlinegap=\skip44
\multlinetaggap=\skip45
\mathdisplay@stack=\toks23
LaTeX Info: Redefining \[ on input line 2855.
LaTeX Info: Redefining \] on input line 2856.
)
(E:\MiKTeX\tex/latex/titlesec\titlesec.sty
Package: titlesec 2019/09/09 v2.12 Sectioning titles
\ttl@box=\box31
\beforetitleunit=\skip46
\aftertitleunit=\skip47
\ttl@plus=\dimen125
\ttl@minus=\dimen126
\ttl@toksa=\toks24
\titlewidth=\dimen127
\titlewidthlast=\dimen128
\titlewidthfirst=\dimen129
)
(E:\MiKTeX\tex/latex/graphics\color.sty
Package: color 2016/07/10 v1.1e Standard LaTeX Color (DPC)

(E:\MiKTeX\tex/latex/graphics-cfg\color.cfg
File: color.cfg 2016/01/02 v1.6 sample color configuration
)
Package color Info: Driver file: pdftex.def on input line 147.

(E:\MiKTeX\tex/latex/graphics-def\pdftex.def
File: pdftex.def 2018/01/08 v1.0l Graphics/color driver for pdftex
))
(E:\MiKTeX\tex/latex/pgfplots\pgfplots.sty
(E:\MiKTeX\tex/generic/pgfplots\pgfplots.revision.tex)
Package: pgfplots 2018/03/28 v1.16 Data Visualization (1.16)

(E:\MiKTeX\tex/latex/graphics\graphicx.sty
Package: graphicx 2017/06/01 v1.1a Enhanced LaTeX Graphics (DPC,SPQR)

(E:\MiKTeX\tex/latex/graphics\graphics.sty
Package: graphics 2019/07/20 v1.3b Standard LaTeX Graphics (DPC,SPQR)

(E:\MiKTeX\tex/latex/graphics\trig.sty
Package: trig 2016/01/03 v1.10 sin cos tan (DPC)
)
(E:\MiKTeX\tex/latex/graphics-cfg\graphics.cfg
File: graphics.cfg 2016/06/04 v1.11 sample graphics configuration
)
Package graphics Info: Driver file: pdftex.def on input line 105.
)
\Gin@req@height=\dimen130
\Gin@req@width=\dimen131
)
(E:\MiKTeX\tex/latex/pgf/frontendlayer\tikz.sty
(E:\MiKTeX\tex/latex/pgf/basiclayer\pgf.sty
(E:\MiKTeX\tex/latex/pgf/utilities\pgfrcs.sty
(E:\MiKTeX\tex/generic/pgf/utilities\pgfutil-common.tex
\pgfutil@everybye=\toks25
\pgfutil@tempdima=\dimen132
\pgfutil@tempdimb=\dimen133

(E:\MiKTeX\tex/generic/pgf/utilities\pgfutil-common-lists.tex))
(E:\MiKTeX\tex/generic/pgf/utilities\pgfutil-latex.def
\pgfutil@abb=\box32

(E:\MiKTeX\tex/latex/ms\everyshi.sty
Package: everyshi 2001/05/15 v3.00 EveryShipout Package (MS)
))
(E:\MiKTeX\tex/generic/pgf/utilities\pgfrcs.code.tex
(E:\MiKTeX\tex/generic/pgf\pgf.revision.tex)
Package: pgfrcs 2019/08/03 v3.1.4b (3.1.4b)
))
Package: pgf 2019/08/03 v3.1.4b (3.1.4b)

(E:\MiKTeX\tex/latex/pgf/basiclayer\pgfcore.sty
(E:\MiKTeX\tex/latex/pgf/systemlayer\pgfsys.sty
(E:\MiKTeX\tex/generic/pgf/systemlayer\pgfsys.code.tex
Package: pgfsys 2019/08/03 v3.1.4b (3.1.4b)

(E:\MiKTeX\tex/generic/pgf/utilities\pgfkeys.code.tex
\pgfkeys@pathtoks=\toks26
\pgfkeys@temptoks=\toks27

(E:\MiKTeX\tex/generic/pgf/utilities\pgfkeysfiltered.code.tex
\pgfkeys@tmptoks=\toks28
))
\pgf@x=\dimen134
\pgf@y=\dimen135
\pgf@xa=\dimen136
\pgf@ya=\dimen137
\pgf@xb=\dimen138
\pgf@yb=\dimen139
\pgf@xc=\dimen140
\pgf@yc=\dimen141
\pgf@xd=\dimen142
\pgf@yd=\dimen143
\w@pgf@writea=\write3
\r@pgf@reada=\read1
\c@pgf@counta=\count114
\c@pgf@countb=\count115
\c@pgf@countc=\count116
\c@pgf@countd=\count117
\t@pgf@toka=\toks29
\t@pgf@tokb=\toks30
\t@pgf@tokc=\toks31
\pgf@sys@id@count=\count118

(E:\MiKTeX\tex/generic/pgf/systemlayer\pgf.cfg
File: pgf.cfg 2019/08/03 v3.1.4b (3.1.4b)
)
Driver file for pgf: pgfsys-pdftex.def

(E:\MiKTeX\tex/generic/pgf/systemlayer\pgfsys-pdftex.def
File: pgfsys-pdftex.def 2019/08/03 v3.1.4b (3.1.4b)

(E:\MiKTeX\tex/generic/pgf/systemlayer\pgfsys-common-pdf.def
File: pgfsys-common-pdf.def 2019/08/03 v3.1.4b (3.1.4b)
)))
(E:\MiKTeX\tex/generic/pgf/systemlayer\pgfsyssoftpath.code.tex
File: pgfsyssoftpath.code.tex 2019/08/03 v3.1.4b (3.1.4b)
\pgfsyssoftpath@smallbuffer@items=\count119
\pgfsyssoftpath@bigbuffer@items=\count120
)
(E:\MiKTeX\tex/generic/pgf/systemlayer\pgfsysprotocol.code.tex
File: pgfsysprotocol.code.tex 2019/08/03 v3.1.4b (3.1.4b)
))
(E:\MiKTeX\tex/latex/xcolor\xcolor.sty
Package: xcolor 2016/05/11 v2.12 LaTeX color extensions (UK)

(E:\MiKTeX\tex/latex/graphics-cfg\color.cfg
File: color.cfg 2016/01/02 v1.6 sample color configuration
)
Package xcolor Info: Driver file: pdftex.def on input line 225.
LaTeX Info: Redefining \color on input line 709.
Package xcolor Info: Model `cmy' substituted by `cmy0' on input line 1348.
Package xcolor Info: Model `hsb' substituted by `rgb' on input line 1352.
Package xcolor Info: Model `RGB' extended on input line 1364.
Package xcolor Info: Model `HTML' substituted by `rgb' on input line 1366.
Package xcolor Info: Model `Hsb' substituted by `hsb' on input line 1367.
Package xcolor Info: Model `tHsb' substituted by `hsb' on input line 1368.
Package xcolor Info: Model `HSB' substituted by `hsb' on input line 1369.
Package xcolor Info: Model `Gray' substituted by `gray' on input line 1370.
Package xcolor Info: Model `wave' substituted by `hsb' on input line 1371.
)
(E:\MiKTeX\tex/generic/pgf/basiclayer\pgfcore.code.tex
Package: pgfcore 2019/08/03 v3.1.4b (3.1.4b)

(E:\MiKTeX\tex/generic/pgf/math\pgfmath.code.tex
(E:\MiKTeX\tex/generic/pgf/math\pgfmathcalc.code.tex
(E:\MiKTeX\tex/generic/pgf/math\pgfmathutil.code.tex)
(E:\MiKTeX\tex/generic/pgf/math\pgfmathparser.code.tex
\pgfmath@dimen=\dimen144
\pgfmath@count=\count121
\pgfmath@box=\box33
\pgfmath@toks=\toks32
\pgfmath@stack@operand=\toks33
\pgfmath@stack@operation=\toks34
)
(E:\MiKTeX\tex/generic/pgf/math\pgfmathfunctions.code.tex
(E:\MiKTeX\tex/generic/pgf/math\pgfmathfunctions.basic.code.tex)
(E:\MiKTeX\tex/generic/pgf/math\pgfmathfunctions.trigonometric.code.tex)
(E:\MiKTeX\tex/generic/pgf/math\pgfmathfunctions.random.code.tex)
(E:\MiKTeX\tex/generic/pgf/math\pgfmathfunctions.comparison.code.tex)
(E:\MiKTeX\tex/generic/pgf/math\pgfmathfunctions.base.code.tex)
(E:\MiKTeX\tex/generic/pgf/math\pgfmathfunctions.round.code.tex)
(E:\MiKTeX\tex/generic/pgf/math\pgfmathfunctions.misc.code.tex)
(E:\MiKTeX\tex/generic/pgf/math\pgfmathfunctions.integerarithmetics.code.tex)))
(E:\MiKTeX\tex/generic/pgf/math\pgfmathfloat.code.tex
\c@pgfmathroundto@lastzeros=\count122
))
(E:\MiKTeX\tex/generic/pgf/math\pgfint.code.tex)
(E:\MiKTeX\tex/generic/pgf/basiclayer\pgfcorepoints.code.tex
File: pgfcorepoints.code.tex 2019/08/03 v3.1.4b (3.1.4b)
\pgf@picminx=\dimen145
\pgf@picmaxx=\dimen146
\pgf@picminy=\dimen147
\pgf@picmaxy=\dimen148
\pgf@pathminx=\dimen149
\pgf@pathmaxx=\dimen150
\pgf@pathminy=\dimen151
\pgf@pathmaxy=\dimen152
\pgf@xx=\dimen153
\pgf@xy=\dimen154
\pgf@yx=\dimen155
\pgf@yy=\dimen156
\pgf@zx=\dimen157
\pgf@zy=\dimen158
)
(E:\MiKTeX\tex/generic/pgf/basiclayer\pgfcorepathconstruct.code.tex
File: pgfcorepathconstruct.code.tex 2019/08/03 v3.1.4b (3.1.4b)
\pgf@path@lastx=\dimen159
\pgf@path@lasty=\dimen160
)
(E:\MiKTeX\tex/generic/pgf/basiclayer\pgfcorepathusage.code.tex
File: pgfcorepathusage.code.tex 2019/08/03 v3.1.4b (3.1.4b)
\pgf@shorten@end@additional=\dimen161
\pgf@shorten@start@additional=\dimen162
)
(E:\MiKTeX\tex/generic/pgf/basiclayer\pgfcorescopes.code.tex
File: pgfcorescopes.code.tex 2019/08/03 v3.1.4b (3.1.4b)
\pgfpic=\box34
\pgf@hbox=\box35
\pgf@layerbox@main=\box36
\pgf@picture@serial@count=\count123
)
(E:\MiKTeX\tex/generic/pgf/basiclayer\pgfcoregraphicstate.code.tex
File: pgfcoregraphicstate.code.tex 2019/08/03 v3.1.4b (3.1.4b)
\pgflinewidth=\dimen163
)
(E:\MiKTeX\tex/generic/pgf/basiclayer\pgfcoretransformations.code.tex
File: pgfcoretransformations.code.tex 2019/08/03 v3.1.4b (3.1.4b)
\pgf@pt@x=\dimen164
\pgf@pt@y=\dimen165
\pgf@pt@temp=\dimen166
)
(E:\MiKTeX\tex/generic/pgf/basiclayer\pgfcorequick.code.tex
File: pgfcorequick.code.tex 2019/08/03 v3.1.4b (3.1.4b)
)
(E:\MiKTeX\tex/generic/pgf/basiclayer\pgfcoreobjects.code.tex
File: pgfcoreobjects.code.tex 2019/08/03 v3.1.4b (3.1.4b)
)
(E:\MiKTeX\tex/generic/pgf/basiclayer\pgfcorepathprocessing.code.tex
File: pgfcorepathprocessing.code.tex 2019/08/03 v3.1.4b (3.1.4b)
)
(E:\MiKTeX\tex/generic/pgf/basiclayer\pgfcorearrows.code.tex
File: pgfcorearrows.code.tex 2019/08/03 v3.1.4b (3.1.4b)
\pgfarrowsep=\dimen167
)
(E:\MiKTeX\tex/generic/pgf/basiclayer\pgfcoreshade.code.tex
File: pgfcoreshade.code.tex 2019/08/03 v3.1.4b (3.1.4b)
\pgf@max=\dimen168
\pgf@sys@shading@range@num=\count124
\pgf@shadingcount=\count125
)
(E:\MiKTeX\tex/generic/pgf/basiclayer\pgfcoreimage.code.tex
File: pgfcoreimage.code.tex 2019/08/03 v3.1.4b (3.1.4b)

(E:\MiKTeX\tex/generic/pgf/basiclayer\pgfcoreexternal.code.tex
File: pgfcoreexternal.code.tex 2019/08/03 v3.1.4b (3.1.4b)
\pgfexternal@startupbox=\box37
))
(E:\MiKTeX\tex/generic/pgf/basiclayer\pgfcorelayers.code.tex
File: pgfcorelayers.code.tex 2019/08/03 v3.1.4b (3.1.4b)
)
(E:\MiKTeX\tex/generic/pgf/basiclayer\pgfcoretransparency.code.tex
File: pgfcoretransparency.code.tex 2019/08/03 v3.1.4b (3.1.4b)
)
(E:\MiKTeX\tex/generic/pgf/basiclayer\pgfcorepatterns.code.tex
File: pgfcorepatterns.code.tex 2019/08/03 v3.1.4b (3.1.4b)
)
(E:\MiKTeX\tex/generic/pgf/basiclayer\pgfcorerdf.code.tex
File: pgfcorerdf.code.tex 2019/08/03 v3.1.4b (3.1.4b)
)))
(E:\MiKTeX\tex/generic/pgf/modules\pgfmoduleshapes.code.tex
File: pgfmoduleshapes.code.tex 2019/08/03 v3.1.4b (3.1.4b)
\pgfnodeparttextbox=\box38
)
(E:\MiKTeX\tex/generic/pgf/modules\pgfmoduleplot.code.tex
File: pgfmoduleplot.code.tex 2019/08/03 v3.1.4b (3.1.4b)
)
(E:\MiKTeX\tex/latex/pgf/compatibility\pgfcomp-version-0-65.sty
Package: pgfcomp-version-0-65 2019/08/03 v3.1.4b (3.1.4b)
\pgf@nodesepstart=\dimen169
\pgf@nodesepend=\dimen170
)
(E:\MiKTeX\tex/latex/pgf/compatibility\pgfcomp-version-1-18.sty
Package: pgfcomp-version-1-18 2019/08/03 v3.1.4b (3.1.4b)
))
(E:\MiKTeX\tex/latex/pgf/utilities\pgffor.sty
(E:\MiKTeX\tex/latex/pgf/utilities\pgfkeys.sty
(E:\MiKTeX\tex/generic/pgf/utilities\pgfkeys.code.tex))
(E:\MiKTeX\tex/latex/pgf/math\pgfmath.sty
(E:\MiKTeX\tex/generic/pgf/math\pgfmath.code.tex))
(E:\MiKTeX\tex/generic/pgf/utilities\pgffor.code.tex
Package: pgffor 2019/08/03 v3.1.4b (3.1.4b)

(E:\MiKTeX\tex/generic/pgf/math\pgfmath.code.tex)
\pgffor@iter=\dimen171
\pgffor@skip=\dimen172
\pgffor@stack=\toks35
\pgffor@toks=\toks36
))
(E:\MiKTeX\tex/generic/pgf/frontendlayer/tikz\tikz.code.tex
Package: tikz 2019/08/03 v3.1.4b (3.1.4b)

(E:\MiKTeX\tex/generic/pgf/libraries\pgflibraryplothandlers.code.tex
File: pgflibraryplothandlers.code.tex 2019/08/03 v3.1.4b (3.1.4b)
\pgf@plot@mark@count=\count126
\pgfplotmarksize=\dimen173
)
\tikz@lastx=\dimen174
\tikz@lasty=\dimen175
\tikz@lastxsaved=\dimen176
\tikz@lastysaved=\dimen177
\tikz@lastmovetox=\dimen178
\tikz@lastmovetoy=\dimen179
\tikzleveldistance=\dimen180
\tikzsiblingdistance=\dimen181
\tikz@figbox=\box39
\tikz@figbox@bg=\box40
\tikz@tempbox=\box41
\tikz@tempbox@bg=\box42
\tikztreelevel=\count127
\tikznumberofchildren=\count128
\tikznumberofcurrentchild=\count129
\tikz@fig@count=\count130

(E:\MiKTeX\tex/generic/pgf/modules\pgfmodulematrix.code.tex
File: pgfmodulematrix.code.tex 2019/08/03 v3.1.4b (3.1.4b)
\pgfmatrixcurrentrow=\count131
\pgfmatrixcurrentcolumn=\count132
\pgf@matrix@numberofcolumns=\count133
)
\tikz@expandcount=\count134

(E:\MiKTeX\tex/generic/pgf/frontendlayer/tikz/libraries\tikzlibrarytopaths.code
.tex
File: tikzlibrarytopaths.code.tex 2019/08/03 v3.1.4b (3.1.4b)
))) (E:\MiKTeX\tex/generic/pgfplots\pgfplots.code.tex
(E:\MiKTeX\tex/generic/pgfplots\pgfplotscore.code.tex
\t@pgfplots@toka=\toks37
\t@pgfplots@tokb=\toks38
\t@pgfplots@tokc=\toks39
\pgfplots@tmpa=\dimen182
\c@pgfplots@coordindex=\count135
\c@pgfplots@scanlineindex=\count136

(E:\MiKTeX\tex/generic/pgfplots/sys\pgfplotssysgeneric.code.tex))
(E:\MiKTeX\tex/generic/pgfplots/libs\pgfplotslibrary.code.tex)
(E:\MiKTeX\tex/generic/pgfplots/oldpgfcompatib\pgfplotsoldpgfsupp_loader.code.t
ex (E:\MiKTeX\tex/generic/pgf/libraries\pgflibraryfpu.code.tex))
(E:\MiKTeX\tex/generic/pgfplots/util\pgfplotsutil.code.tex
(E:\MiKTeX\tex/generic/pgfplots/liststructure\pgfplotsliststructure.code.tex)
(E:\MiKTeX\tex/generic/pgfplots/liststructure\pgfplotsliststructureext.code.tex
) (E:\MiKTeX\tex/generic/pgfplots/liststructure\pgfplotsarray.code.tex
\c@pgfplotsarray@tmp=\count137
)
(E:\MiKTeX\tex/generic/pgfplots/liststructure\pgfplotsmatrix.code.tex)
(E:\MiKTeX\tex/generic/pgfplots/numtable\pgfplotstableshared.code.tex
\c@pgfplotstable@counta=\count138
\t@pgfplotstable@a=\toks40
)
(E:\MiKTeX\tex/generic/pgfplots/liststructure\pgfplotsdeque.code.tex)
(E:\MiKTeX\tex/generic/pgfplots/util\pgfplotsbinary.code.tex
(E:\MiKTeX\tex/generic/pgfplots/util\pgfplotsbinary.data.code.tex))
(E:\MiKTeX\tex/generic/pgfplots/util\pgfplotsutil.verb.code.tex)
(E:\MiKTeX\tex/generic/pgfplots/libs\pgflibrarypgfplots.surfshading.code.tex
\c@pgfplotslibrarysurf@no=\count139

(E:\MiKTeX\tex/generic/pgfplots/sys\pgflibrarypgfplots.surfshading.pgfsys-pdfte
x.def))) (E:\MiKTeX\tex/generic/pgfplots/util\pgfplotscolormap.code.tex
(E:\MiKTeX\tex/generic/pgfplots/util\pgfplotscolor.code.tex))
(E:\MiKTeX\tex/generic/pgfplots\pgfplotsstackedplots.code.tex)
(E:\MiKTeX\tex/generic/pgfplots\pgfplotsplothandlers.code.tex
(E:\MiKTeX\tex/generic/pgfplots\pgfplotsmeshplothandler.code.tex
(E:\MiKTeX\tex/generic/pgfplots\pgfplotsmeshplotimage.code.tex)))
(E:\MiKTeX\tex/generic/pgfplots\pgfplots.scaling.code.tex)
(E:\MiKTeX\tex/generic/pgfplots\pgfplotscoordprocessing.code.tex)
(E:\MiKTeX\tex/generic/pgfplots\pgfplots.errorbars.code.tex)
(E:\MiKTeX\tex/generic/pgfplots\pgfplots.markers.code.tex)
(E:\MiKTeX\tex/generic/pgfplots\pgfplotsticks.code.tex)
(E:\MiKTeX\tex/generic/pgfplots\pgfplots.paths.code.tex)
(E:\MiKTeX\tex/generic/pgf/frontendlayer/tikz/libraries\tikzlibrarydecorations.
code.tex (E:\MiKTeX\tex/generic/pgf/modules\pgfmoduledecorations.code.tex
\pgfdecoratedcompleteddistance=\dimen183
\pgfdecoratedremainingdistance=\dimen184
\pgfdecoratedinputsegmentcompleteddistance=\dimen185
\pgfdecoratedinputsegmentremainingdistance=\dimen186
\pgf@decorate@distancetomove=\dimen187
\pgf@decorate@repeatstate=\count140
\pgfdecorationsegmentamplitude=\dimen188
\pgfdecorationsegmentlength=\dimen189
)
\tikz@lib@dec@box=\box43
)
(E:\MiKTeX\tex/generic/pgf/frontendlayer/tikz/libraries\tikzlibrarydecorations.
pathmorphing.code.tex
(E:\MiKTeX\tex/generic/pgf/libraries/decorations\pgflibrarydecorations.pathmorp
hing.code.tex))
(E:\MiKTeX\tex/generic/pgf/frontendlayer/tikz/libraries\tikzlibrarydecorations.
pathreplacing.code.tex
(E:\MiKTeX\tex/generic/pgf/libraries/decorations\pgflibrarydecorations.pathrepl
acing.code.tex))
\pgfplots@numplots=\count141
\pgfplots@xmin@reg=\dimen190
\pgfplots@xmax@reg=\dimen191
\pgfplots@ymin@reg=\dimen192
\pgfplots@ymax@reg=\dimen193
\pgfplots@zmin@reg=\dimen194
\pgfplots@zmax@reg=\dimen195
)
(E:\MiKTeX\tex/generic/pgf/frontendlayer/tikz/libraries\tikzlibraryplotmarks.co
de.tex
File: tikzlibraryplotmarks.code.tex 2019/08/03 v3.1.4b (3.1.4b)
 (E:\MiKTeX\tex/generic/pgf/libraries\pgflibraryplotmarks.code.tex
File: pgflibraryplotmarks.code.tex 2019/08/03 v3.1.4b (3.1.4b)
)))
(E:\MiKTeX\tex/latex/filecontents\filecontents.sty
Package: filecontents 2019/09/20 v1.5 Create an external file from within a LaT
eX document


Package filecontents Warning: This package is obsolete. Disabling it and
(filecontents)                passing control to the filecontents environment
(filecontents)                defined by the LaTeX kernel.

)
(E:\MiKTeX\tex/generic/pgf/frontendlayer/tikz/libraries/datavisualization\tikzl
ibrarydatavisualization.code.tex
File: tikzlibrarydatavisualization.code.tex 2019/08/03 v3.1.4b (3.1.4b)

(E:\MiKTeX\tex/generic/pgf/modules\pgfmoduledatavisualization.code.tex
File: pgfmoduledatavisualization.code.tex 2019/08/03 v3.1.4b (3.1.4b)

(E:\MiKTeX\tex/generic/pgf/modules\pgfmoduleoo.code.tex
\pgfoo@objectcount=\count142
\pgfoothis@count=\count143
\pgfoo@toks=\toks41
)
\pgf@lib@dv@cache@count=\count144
\pgf@lib@dv@cache@count=\count145
)
(E:\MiKTeX\tex/generic/pgf/frontendlayer/tikz/libraries\tikzlibrarybackgrounds.
code.tex
File: tikzlibrarybackgrounds.code.tex 2019/08/03 v3.1.4b (3.1.4b)
\pgf@layerbox@background=\box44
\pgf@layerboxsaved@background=\box45
)
\tikzdvvisualizercounter=\count146
)
(E:\MiKTeX\tex/generic/pgf/frontendlayer/tikz/libraries/datavisualization\tikzl
ibrarydatavisualization.formats.functions.code.tex
File: tikzlibrarydatavisualization.formats.functions.code.tex 2019/08/03 v3.1.4
b (3.1.4b)

(E:\MiKTeX\tex/generic/pgf/libraries/datavisualization\pgflibrarydatavisualizat
ion.formats.functions.code.tex
File: pgflibrarydatavisualization.formats.functions.code.tex 2019/08/03 v3.1.4b
 (3.1.4b)
)) (E:\MiKTeX\tex/latex/caption\caption.sty
Package: caption 2019/09/01 v3.3d Customizing captions (AR)

(E:\MiKTeX\tex/latex/caption\caption3.sty
Package: caption3 2019/09/01 v1.8d caption3 kernel (AR)
Package caption3 Info: TeX engine: e-TeX on input line 64.
\captionmargin=\dimen196
\captionmargin@=\dimen197
\captionwidth=\dimen198
\caption@tempdima=\dimen199
\caption@indent=\dimen256
\caption@parindent=\dimen257
\caption@hangindent=\dimen258
)
\c@caption@flags=\count147
\c@ContinuedFloat=\count148
Package caption Info: listings package is loaded.
)
(E:\MiKTeX\tex/latex/listings\lstlang1.sty
File: lstlang1.sty 2019/09/10 1.8c listings language file
)

LaTeX Warning: Writing file `./StandardEven.dat'.

\openout15 = `StandardEven.dat'.



LaTeX Warning: Writing file `./VinogradEven.dat'.

\openout15 = `VinogradEven.dat'.



LaTeX Warning: Writing file `./OptimizedEven.dat'.

\openout15 = `OptimizedEven.dat'.



LaTeX Warning: Writing file `./StandardOdd.dat'.

\openout15 = `StandardOdd.dat'.



LaTeX Warning: Writing file `./VinogradOdd.dat'.

\openout15 = `VinogradOdd.dat'.



LaTeX Warning: Writing file `./OptimizedOdd.dat'.

\openout15 = `OptimizedOdd.dat'.


No file LR_4.aux.
\openout1 = `LR_4.aux'.

LaTeX Font Info:    Checking defaults for OML/cmm/m/it on input line 133.
LaTeX Font Info:    ... okay on input line 133.
LaTeX Font Info:    Checking defaults for T1/cmr/m/n on input line 133.
LaTeX Font Info:    ... okay on input line 133.
LaTeX Font Info:    Checking defaults for OT1/cmr/m/n on input line 133.
LaTeX Font Info:    ... okay on input line 133.
LaTeX Font Info:    Checking defaults for OMS/cmsy/m/n on input line 133.
LaTeX Font Info:    ... okay on input line 133.
LaTeX Font Info:    Checking defaults for OMX/cmex/m/n on input line 133.
LaTeX Font Info:    ... okay on input line 133.
LaTeX Font Info:    Checking defaults for U/cmr/m/n on input line 133.
LaTeX Font Info:    ... okay on input line 133.
LaTeX Font Info:    Checking defaults for T2A/cmr/m/n on input line 133.
LaTeX Font Info:    ... okay on input line 133.
*geometry* driver: auto-detecting
*geometry* detected driver: pdftex
*geometry* verbose mode - [ preamble ] result:
* driver: pdftex
* paper: a4paper
* layout: <same size as paper>
* layoutoffset:(h,v)=(0.0pt,0.0pt)
* modes: 
* h-part:(L,W,R)=(89.62709pt, 418.25368pt, 89.6271pt)
* v-part:(T,H,B)=(56.9055pt, 686.7347pt, 101.40665pt)
* \paperwidth=597.50787pt
* \paperheight=845.04684pt
* \textwidth=418.25368pt
* \textheight=686.7347pt
* \oddsidemargin=17.3571pt
* \evensidemargin=17.3571pt
* \topmargin=-52.36449pt
* \headheight=12.0pt
* \headsep=25.0pt
* \topskip=12.0pt
* \footskip=30.0pt
* \marginparwidth=35.0pt
* \marginparsep=10.0pt
* \columnsep=10.0pt
* \skip\footins=10.8pt plus 4.0pt minus 2.0pt
* \hoffset=0.0pt
* \voffset=0.0pt
* \mag=1000
* \@twocolumnfalse
* \@twosidefalse
* \@mparswitchfalse
* \@reversemarginfalse
* (1in=72.27pt=25.4mm, 1cm=28.453pt)

\c@lstlisting=\count149
(E:\MiKTeX\tex/context/base/mkii\supp-pdf.mkii
[Loading MPS to PDF converter (version 2006.09.02).]
\scratchcounter=\count150
\scratchdimen=\dimen259
\scratchbox=\box46
\nofMPsegments=\count151
\nofMParguments=\count152
\everyMPshowfont=\toks42
\MPscratchCnt=\count153
\MPscratchDim=\dimen260
\MPnumerator=\count154
\makeMPintoPDFobject=\count155
\everyMPtoPDFconversion=\toks43
) (E:\MiKTeX\tex/latex/oberdiek\epstopdf-base.sty
Package: epstopdf-base 2016/05/15 v2.6 Base part for package epstopdf

(E:\MiKTeX\tex/generic/oberdiek\infwarerr.sty
Package: infwarerr 2016/05/16 v1.4 Providing info/warning/error messages (HO)
)
(E:\MiKTeX\tex/latex/oberdiek\grfext.sty
Package: grfext 2016/05/16 v1.2 Manage graphics extensions (HO)

(E:\MiKTeX\tex/generic/oberdiek\kvdefinekeys.sty
Package: kvdefinekeys 2016/05/16 v1.4 Define keys (HO)

(E:\MiKTeX\tex/generic/oberdiek\ltxcmds.sty
Package: ltxcmds 2016/05/16 v1.23 LaTeX kernel commands for general use (HO)
)))
(E:\MiKTeX\tex/latex/oberdiek\kvoptions.sty
Package: kvoptions 2016/05/16 v3.12 Key value format for package options (HO)

(E:\MiKTeX\tex/generic/oberdiek\kvsetkeys.sty
Package: kvsetkeys 2016/05/16 v1.17 Key value parser (HO)

(E:\MiKTeX\tex/generic/oberdiek\etexcmds.sty
Package: etexcmds 2016/05/16 v1.6 Avoid name clashes with e-TeX commands (HO)

(E:\MiKTeX\tex/generic/oberdiek\ifluatex.sty
Package: ifluatex 2016/05/16 v1.4 Provides the ifluatex switch (HO)
Package ifluatex Info: LuaTeX not detected.
))))
(E:\MiKTeX\tex/generic/oberdiek\pdftexcmds.sty
Package: pdftexcmds 2019/07/25 v0.30 Utility functions of pdfTeX for LuaTeX (HO
)
Package pdftexcmds Info: LuaTeX not detected.
Package pdftexcmds Info: \pdf@primitive is available.
Package pdftexcmds Info: \pdf@ifprimitive is available.
Package pdftexcmds Info: \pdfdraftmode found.
)
Package epstopdf-base Info: Redefining graphics rule for `.eps' on input line 4
38.
Package grfext Info: Graphics extension search list:
(grfext)             [.pdf,.png,.jpg,.mps,.jpeg,.jbig2,.jb2,.PDF,.PNG,.JPG,.JPE
G,.JBIG2,.JB2,.eps]
(grfext)             \AppendGraphicsExtensions on input line 456.
)
ABD: EveryShipout initializing macros

Package pgfplots Warning: running in backwards compatibility mode (unsuitable t
ick labels; missing features). Consider writing \pgfplotsset{compat=1.16} into 
your preamble.
 on input line 133.

Package caption Info: Begin \AtBeginDocument code.
Package caption Info: End \AtBeginDocument code.
[1

{C:/Users/dmitl/AppData/Local/MiKTeX/2.9/pdftex/config/pdftex.map}]
No file LR_4.toc.
\tf@toc=\write4
\openout4 = `LR_4.toc'.

[2

]
LaTeX Font Info:    Trying to load font information for OML+cmr on input line 1
63.
 (E:\MiKTeX\tex/latex/base\omlcmr.fd
File: omlcmr.fd 2014/09/29 v2.5h Standard LaTeX font definitions
)
LaTeX Font Info:    Font shape `OML/cmr/m/n' in size <12> not available
(Font)              Font shape `OML/cmm/m/it' tried instead on input line 163.
LaTeX Font Info:    Font shape `OML/cmr/m/n' in size <8> not available
(Font)              Font shape `OML/cmm/m/it' tried instead on input line 163.
LaTeX Font Info:    Font shape `OML/cmr/m/n' in size <6> not available
(Font)              Font shape `OML/cmm/m/it' tried instead on input line 163.
LaTeX Font Info:    Trying to load font information for OMS+cmr on input line 1
63.
 (E:\MiKTeX\tex/latex/base\omscmr.fd
File: omscmr.fd 2014/09/29 v2.5h Standard LaTeX font definitions
)
LaTeX Font Info:    Font shape `OMS/cmr/m/n' in size <12> not available
(Font)              Font shape `OMS/cmsy/m/n' tried instead on input line 163.
LaTeX Font Info:    Font shape `OMS/cmr/m/n' in size <8> not available
(Font)              Font shape `OMS/cmsy/m/n' tried instead on input line 163.
LaTeX Font Info:    Font shape `OMS/cmr/m/n' in size <6> not available
(Font)              Font shape `OMS/cmsy/m/n' tried instead on input line 163.

Underfull \hbox (badness 10000) in paragraph at lines 179--180

 []

[3

]
Underfull \hbox (badness 10000) in paragraph at lines 186--188

 []

[4]
{\cyrillictext \CYRG \cyrl \cyra \cyrv \cyra } 1.

Underfull \hbox (badness 10000) in paragraph at lines 233--235

 []


Underfull \hbox (badness 10000) in paragraph at lines 236--237

 []

[5

] [6]
{\cyrillictext \CYRG \cyrl \cyra \cyrv \cyra } 2.
[7

]

LaTeX Warning: File `Standart1.png' not found on input line 262.


! Package pdftex.def Error: File `"""Standart1".png' not found: using draft set
ting.

See the pdftex.def package documentation for explanation.
Type  H <return>  for immediate help.
 ...                                              
                                                  
l.262 ...{\includegraphics[scale=1]{Standart1.png}
                                                  }
Try typing  <return>  to proceed.
If that doesn't work, type  X <return>  to quit.

LaTeX Font Info:    Trying to load font information for T2A+cmtt on input line 
262.
(E:\MiKTeX\tex/latex/cyrillic\t2acmtt.fd
File: t2acmtt.fd 2001/08/11 v1.0a Computer Modern Cyrillic font definitions
) [8]

LaTeX Warning: File `Standart2.png' not found on input line 268.


! Package pdftex.def Error: File `"""Standart2".png' not found: using draft set
ting.

See the pdftex.def package documentation for explanation.
Type  H <return>  for immediate help.
 ...                                              
                                                  
l.268 ...{\includegraphics[scale=1]{Standart2.png}
                                                  }
Try typing  <return>  to proceed.
If that doesn't work, type  X <return>  to quit.

[9]

LaTeX Warning: File `Vinograd1.png' not found on input line 274.


! Package pdftex.def Error: File `"""Vinograd1".png' not found: using draft set
ting.

See the pdftex.def package documentation for explanation.
Type  H <return>  for immediate help.
 ...                                              
                                                  
l.274 ...{\includegraphics[scale=1]{Vinograd1.png}
                                                  }
Try typing  <return>  to proceed.
If that doesn't work, type  X <return>  to quit.

[10]

LaTeX Warning: File `Vinograd2.png' not found on input line 279.


! Package pdftex.def Error: File `"""Vinograd2".png' not found: using draft set
ting.

See the pdftex.def package documentation for explanation.
Type  H <return>  for immediate help.
 ...                                              
                                                  
l.279 ...{\includegraphics[scale=1]{Vinograd2.png}
                                                  }
Try typing  <return>  to proceed.
If that doesn't work, type  X <return>  to quit.

[11]

LaTeX Warning: File `Vinograd3.png' not found on input line 284.


! Package pdftex.def Error: File `"""Vinograd3".png' not found: using draft set
ting.

See the pdftex.def package documentation for explanation.
Type  H <return>  for immediate help.
 ...                                              
                                                  
l.284 ...{\includegraphics[scale=1]{Vinograd3.png}
                                                  }
Try typing  <return>  to proceed.
If that doesn't work, type  X <return>  to quit.

[12]

LaTeX Warning: File `Vinograd4.png' not found on input line 289.


! Package pdftex.def Error: File `"""Vinograd4".png' not found: using draft set
ting.

See the pdftex.def package documentation for explanation.
Type  H <return>  for immediate help.
 ...                                              
                                                  
l.289 ...{\includegraphics[scale=1]{Vinograd4.png}
                                                  }
Try typing  <return>  to proceed.
If that doesn't work, type  X <return>  to quit.

[13]

LaTeX Warning: File `Optimized1.png' not found on input line 297.


! Package pdftex.def Error: File `"""Optimized1".png' not found: using draft se
tting.

See the pdftex.def package documentation for explanation.
Type  H <return>  for immediate help.
 ...                                              
                                                  
l.297 ...\includegraphics[scale=1]{Optimized1.png}
                                                  }
Try typing  <return>  to proceed.
If that doesn't work, type  X <return>  to quit.

[14]

LaTeX Warning: File `Optimized2.png' not found on input line 304.


! Package pdftex.def Error: File `"""Optimized2".png' not found: using draft se
tting.

See the pdftex.def package documentation for explanation.
Type  H <return>  for immediate help.
 ...                                              
                                                  
l.304 ...ncludegraphics[scale=0.9]{Optimized2.png}
                                                  }
Try typing  <return>  to proceed.
If that doesn't work, type  X <return>  to quit.


Underfull \hbox (badness 10000) in paragraph at lines 305--305
[]\T2A/cmr/m/n/12 –ис. 2.8: |ќп-ти-ми-зи-ро-ван-ный ал-го-ритм ¬и-но-гра-да умн
о-же-ни€ мат-
 []

[15]

LaTeX Warning: File `Optimized3.png' not found on input line 311.


! Package pdftex.def Error: File `"""Optimized3".png' not found: using draft se
tting.

See the pdftex.def package documentation for explanation.
Type  H <return>  for immediate help.
 ...                                              
                                                  
l.311 ...\includegraphics[scale=1]{Optimized3.png}
                                                  }
Try typing  <return>  to proceed.
If that doesn't work, type  X <return>  to quit.


Underfull \hbox (badness 10000) in paragraph at lines 312--312
[]\T2A/cmr/m/n/12 –ис. 2.9: |ќп-ти-ми-зи-ро-ван-ный ал-го-ритм ¬и-но-гра-да умн
о-же-ни€ мат-
 []

[16]

LaTeX Warning: File `Optimized4.png' not found on input line 318.


! Package pdftex.def Error: File `"""Optimized4".png' not found: using draft se
tting.

See the pdftex.def package documentation for explanation.
Type  H <return>  for immediate help.
 ...                                              
                                                  
l.318 ...\includegraphics[scale=1]{Optimized4.png}
                                                  }
Try typing  <return>  to proceed.
If that doesn't work, type  X <return>  to quit.


Underfull \hbox (badness 7685) in paragraph at lines 319--319
[]\T2A/cmr/m/n/12 –ис. 2.10: |ќп-ти-ми-зи-ро-ван-ный ал-го-ритм ¬и-но-гра-да ум
но-же-ни€ мат-
 []

[17]
Overfull \hbox (46.80518pt too wide) detected at line 332
\OML/cmm/m/it/12 f[] \OT1/cmr/m/n/12 = 2 + \OML/cmm/m/it/12 M\OT1/cmr/m/n/12 (2
 + 2 + \OML/cmm/m/it/12 Q\OT1/cmr/m/n/12 (2 + 2 + \OML/cmm/m/it/12 N\OT1/cmr/m/
n/12 (2 + 8 + 1 + 1 + 1))) = 13\OML/cmm/m/it/12 MNQ \OT1/cmr/m/n/12 + 4\OML/cmm
/m/it/12 MQ \OT1/cmr/m/n/12 + 4\OML/cmm/m/it/12 M \OT1/cmr/m/n/12 + 2 \OMS/cmsy
/m/n/12  \OT1/cmr/m/n/12 13\OML/cmm/m/it/12 MNQ
 []


Overfull \hbox (44.68654pt too wide) detected at line 345
[]
 []


Overfull \hbox (48.95563pt too wide) detected at line 371
[]
 []

[18] [19]
{\cyrillictext \CYRG \cyrl \cyra \cyrv \cyra } 3.

Overfull \hbox (6.0pt too wide) in paragraph at lines 407--407
[][][][][][][] 
 []

LaTeX Font Info:    Trying to load font information for T2A+cmss on input line 
407.
(E:\MiKTeX\tex/latex/cyrillic\t2acmss.fd
File: t2acmss.fd 2001/08/11 v1.0a Computer Modern Cyrillic font definitions
)
LaTeX Font Info:    Trying to load font information for OMS+cmss on input line 
418.
LaTeX Font Info:    No file OMScmss.fd. on input line 418.


LaTeX Font Warning: Font shape `OMS/cmss/m/n' undefined
(Font)              using `OMS/cmsy/m/n' instead
(Font)              for symbol `textasteriskcentered' on input line 418.

[20

]
Overfull \hbox (6.0pt too wide) in paragraph at lines 423--423
[][][][][][][] 
 []

LaTeX Font Info:    Font shape `OML/cmr/m/n' in size <10.95> not available
(Font)              Font shape `OML/cmm/m/it' tried instead on input line 447.
LaTeX Font Info:    Font shape `OMS/cmr/m/n' in size <10.95> not available
(Font)              Font shape `OMS/cmsy/m/n' tried instead on input line 447.
[21]
Overfull \hbox (6.0pt too wide) in paragraph at lines 461--461
[][][][][][][] 
 []

[22]
{\cyrillictext \CYRG \cyrl \cyra \cyrv \cyra } 4.

Underfull \hbox (badness 10000) in paragraph at lines 502--513

 []


Underfull \hbox (badness 10000) in paragraph at lines 514--524

 []

[23

]
Underfull \hbox (badness 10000) in paragraph at lines 526--536

 []


Underfull \hbox (badness 10000) in paragraph at lines 538--539

 []


Overfull \hbox (69.17607pt too wide) in paragraph at lines 542--563
 [] 
 []

PGFPlots: reading {StandardEven.dat}
PGFPlots: reading {VinogradEven.dat}
PGFPlots: reading {OptimizedEven.dat}
PGFPlots: reading {StandardOdd.dat}
PGFPlots: reading {VinogradOdd.dat}
PGFPlots: reading {OptimizedOdd.dat}
[24] [25] [26

] (LR_4.aux)

LaTeX Font Warning: Some font shapes were not available, defaults substituted.

 ) 
Here is how much of TeX's memory you used:
 29836 strings out of 492452
 727942 string characters out of 3138192
 1219708 words of memory out of 3000000
 33684 multiletter control sequences out of 15000+200000
 21774 words of font info for 48 fonts, out of 3000000 for 9000
 1141 hyphenation exceptions out of 8191
 69i,19n,98p,1083b,2301s stack positions out of 5000i,500n,10000p,200000b,50000s
 <C:\Users\dmitl\AppData\Local\MiKTeX\2.9\fonts/pk/ljfour/lh/lh-t2a/dpi600\la
ss1095.pk> <C:\Users\dmitl\AppData\Local\MiKTeX\2.9\fonts/pk/ljfour/lh/lh-t2a/d
pi600\latt1095.pk> <C:\Users\dmitl\AppData\Local\MiKTeX\2.9\fonts/pk/ljfour/lh/
lh-t2a/dpi600\larm0600.pk> <C:\Users\dmitl\AppData\Local\MiKTeX\2.9\fonts/pk/lj
four/lh/lh-t2a/dpi600\latt1200.pk> <C:\Users\dmitl\AppData\Local\MiKTeX\2.9\fon
ts/pk/ljfour/lh/lh-t2a/dpi600\labx1728.pk> <C:\Users\dmitl\AppData\Local\MiKTeX
\2.9\fonts/pk/ljfour/lh/lh-t2a/dpi600\labx2074.pk> <C:\Users\dmitl\AppData\Loca
l\MiKTeX\2.9\fonts/pk/ljfour/lh/lh-t2a/dpi600\larm0800.pk> <C:\Users\dmitl\AppD
ata\Local\MiKTeX\2.9\fonts/pk/ljfour/lh/lh-t2a/dpi600\labx1200.pk> <C:\Users\dm
itl\AppData\Local\MiKTeX\2.9\fonts/pk/ljfour/lh/lh-t2a/dpi600\larm1200.pk> <C:\
Users\dmitl\AppData\Local\MiKTeX\2.9\fonts/pk/ljfour/lh/lh-t2a/dpi600\lati1440.
pk> <C:\Users\dmitl\AppData\Local\MiKTeX\2.9\fonts/pk/ljfour/lh/lh-t2a/dpi600\l
arm1728.pk> <C:\Users\dmitl\AppData\Local\MiKTeX\2.9\fonts/pk/ljfour/lh/lh-t2a/
dpi600\labx2488.pk> <C:\Users\dmitl\AppData\Local\MiKTeX\2.9\fonts/pk/ljfour/lh
/lh-t2a/dpi600\lacc1728.pk> <C:\Users\dmitl\AppData\Local\MiKTeX\2.9\fonts/pk/l
jfour/lh/lh-t2a/dpi600\lacc2074.pk><E:/MiKTeX/fonts/type1/public/amsfonts/cm/cm
ex10.pfb><E:/MiKTeX/fonts/type1/public/amsfonts/cm/cmmi12.pfb><E:/MiKTeX/fonts/
type1/public/amsfonts/cm/cmmi8.pfb><E:/MiKTeX/fonts/type1/public/amsfonts/cm/cm
r12.pfb><E:/MiKTeX/fonts/type1/public/amsfonts/cm/cmr8.pfb><E:/MiKTeX/fonts/typ
e1/public/amsfonts/cm/cmsy10.pfb><E:/MiKTeX/fonts/type1/public/amsfonts/cm/cmsy
8.pfb>
Output written on LR_4.pdf (26 pages, 258855 bytes).
PDF statistics:
 564 PDF objects out of 1000 (max. 8388607)
 0 named destinations out of 1000 (max. 500000)
 13 words of extra memory for PDF output out of 10000 (max. 10000000)

